# Logfile created on 2026-07-05 07:15:50 +0000 by logger.rb/v1.7.0
{"severity":"DEBUG","time":"2026-07-05T07:15:50.686Z","correlation_id":null,"event":"setup","model":"ActiveRecord::Base","start_service_discovery":false}
{"severity":"DEBUG","time":"2026-07-05T07:15:50.709Z","correlation_id":null,"event":"setup","model":"ActiveRecord::Base","start_service_discovery":true}
{"severity":"DEBUG","time":"2026-07-05T07:15:50.710Z","correlation_id":null,"event":"setup","model":"Ci::ApplicationRecord","start_service_discovery":false}
{"severity":"DEBUG","time":"2026-07-05T07:15:50.711Z","correlation_id":null,"event":"setup","model":"Ci::ApplicationRecord","start_service_discovery":true}
{"severity":"DEBUG","time":"2026-07-05T07:17:10.712Z","correlation_id":null,"event":"setup","model":"ActiveRecord::Base","start_service_discovery":false}
{"severity":"DEBUG","time":"2026-07-05T07:17:10.713Z","correlation_id":null,"event":"setup","model":"ActiveRecord::Base","start_service_discovery":true}
{"severity":"DEBUG","time":"2026-07-05T07:17:10.714Z","correlation_id":null,"event":"setup","model":"Ci::ApplicationRecord","start_service_discovery":false}
{"severity":"DEBUG","time":"2026-07-05T07:17:10.715Z","correlation_id":null,"event":"setup","model":"Ci::ApplicationRecord","start_service_discovery":true}
{"severity":"DEBUG","time":"2026-07-05T07:17:54.831Z","correlation_id":null,"event":"setup","model":"ActiveRecord::Base","start_service_discovery":false}
{"severity":"DEBUG","time":"2026-07-05T07:17:54.832Z","correlation_id":null,"event":"setup","model":"Ci::ApplicationRecord","start_service_discovery":false}
{"severity":"DEBUG","time":"2026-07-05T07:18:04.981Z","correlation_id":null,"event":"setup","model":"ActiveRecord::Base","start_service_discovery":false}
{"severity":"DEBUG","time":"2026-07-05T07:18:04.982Z","correlation_id":null,"event":"setup","model":"ActiveRecord::Base","start_service_discovery":true}
{"severity":"DEBUG","time":"2026-07-05T07:18:04.983Z","correlation_id":null,"event":"setup","model":"Ci::ApplicationRecord","start_service_discovery":false}
{"severity":"DEBUG","time":"2026-07-05T07:18:04.984Z","correlation_id":null,"event":"setup","model":"Ci::ApplicationRecord","start_service_discovery":true}
{"severity":"DEBUG","time":"2026-07-05T07:18:49.201Z","correlation_id":null,"event":"setup","model":"ActiveRecord::Base","start_service_discovery":false}
{"severity":"DEBUG","time":"2026-07-05T07:18:49.202Z","correlation_id":null,"event":"setup","model":"ActiveRecord::Base","start_service_discovery":true}
{"severity":"DEBUG","time":"2026-07-05T07:18:49.204Z","correlation_id":null,"event":"setup","model":"Ci::ApplicationRecord","start_service_discovery":false}
{"severity":"DEBUG","time":"2026-07-05T07:18:49.205Z","correlation_id":null,"event":"setup","model":"Ci::ApplicationRecord","start_service_discovery":true}
{"severity":"DEBUG","time":"2026-07-05T07:19:14.652Z","correlation_id":null,"event":"setup","model":"ActiveRecord::Base","start_service_discovery":true}
{"severity":"DEBUG","time":"2026-07-05T07:19:14.655Z","correlation_id":null,"event":"setup","model":"Ci::ApplicationRecord","start_service_discovery":true}
{"severity":"DEBUG","time":"2026-07-05T07:19:14.660Z","correlation_id":null,"event":"setup","model":"ActiveRecord::Base","start_service_discovery":true}
{"severity":"DEBUG","time":"2026-07-05T07:19:14.666Z","correlation_id":null,"event":"setup","model":"ActiveRecord::Base","start_service_discovery":true}
{"severity":"DEBUG","time":"2026-07-05T07:19:14.668Z","correlation_id":null,"event":"setup","model":"Ci::ApplicationRecord","start_service_discovery":true}
{"severity":"DEBUG","time":"2026-07-05T07:19:14.672Z","correlation_id":null,"event":"setup","model":"Ci::ApplicationRecord","start_service_discovery":true}
{"severity":"DEBUG","time":"2026-07-05T07:19:14.897Z","correlation_id":null,"event":"setup","model":"ActiveRecord::Base","start_service_discovery":true}
{"severity":"DEBUG","time":"2026-07-05T07:19:14.899Z","correlation_id":null,"event":"setup","model":"Ci::ApplicationRecord","start_service_discovery":true}
{"severity":"DEBUG","time":"2026-07-05T07:54:21.591Z","correlation_id":null,"event":"setup","model":"ActiveRecord::Base","start_service_discovery":false}
{"severity":"DEBUG","time":"2026-07-05T07:54:21.592Z","correlation_id":null,"event":"setup","model":"ActiveRecord::Base","start_service_discovery":false}
{"severity":"DEBUG","time":"2026-07-05T07:54:21.593Z","correlation_id":null,"event":"setup","model":"ActiveRecord::Base","start_service_discovery":true}
{"severity":"DEBUG","time":"2026-07-05T07:54:21.593Z","correlation_id":null,"event":"setup","model":"Ci::ApplicationRecord","start_service_discovery":false}
{"severity":"DEBUG","time":"2026-07-05T07:54:21.596Z","correlation_id":null,"event":"setup","model":"Ci::ApplicationRecord","start_service_discovery":false}
{"severity":"DEBUG","time":"2026-07-05T07:54:21.596Z","correlation_id":null,"event":"setup","model":"Ci::ApplicationRecord","start_service_discovery":true}
{"severity":"DEBUG","time":"2026-07-05T07:55:35.651Z","correlation_id":null,"event":"setup","model":"ActiveRecord::Base","start_service_discovery":true}
{"severity":"DEBUG","time":"2026-07-05T07:55:35.654Z","correlation_id":null,"event":"setup","model":"Ci::ApplicationRecord","start_service_discovery":true}
{"severity":"DEBUG","time":"2026-07-05T07:55:35.712Z","correlation_id":null,"event":"setup","model":"ActiveRecord::Base","start_service_discovery":true}
{"severity":"DEBUG","time":"2026-07-05T07:55:35.714Z","correlation_id":null,"event":"setup","model":"Ci::ApplicationRecord","start_service_discovery":true}
{"severity":"DEBUG","time":"2026-07-05T07:55:35.767Z","correlation_id":null,"event":"setup","model":"ActiveRecord::Base","start_service_discovery":true}
{"severity":"DEBUG","time":"2026-07-05T07:55:35.768Z","correlation_id":null,"event":"setup","model":"Ci::ApplicationRecord","start_service_discovery":true}
{"severity":"DEBUG","time":"2026-07-05T07:55:35.785Z","correlation_id":null,"event":"setup","model":"ActiveRecord::Base","start_service_discovery":true}
{"severity":"DEBUG","time":"2026-07-05T07:55:35.788Z","correlation_id":null,"event":"setup","model":"Ci::ApplicationRecord","start_service_discovery":true}
{"severity":"DEBUG","time":"2026-07-05T08:16:13.671Z","correlation_id":null,"event":"setup","model":"ActiveRecord::Base","start_service_discovery":false}
{"severity":"DEBUG","time":"2026-07-05T08:16:13.671Z","correlation_id":null,"event":"setup","model":"ActiveRecord::Base","start_service_discovery":false}
{"severity":"DEBUG","time":"2026-07-05T08:16:13.672Z","correlation_id":null,"event":"setup","model":"ActiveRecord::Base","start_service_discovery":true}
{"severity":"DEBUG","time":"2026-07-05T08:16:13.672Z","correlation_id":null,"event":"setup","model":"Ci::ApplicationRecord","start_service_discovery":false}
{"severity":"DEBUG","time":"2026-07-05T08:16:13.673Z","correlation_id":null,"event":"setup","model":"Ci::ApplicationRecord","start_service_discovery":false}
{"severity":"DEBUG","time":"2026-07-05T08:16:13.675Z","correlation_id":null,"event":"setup","model":"Ci::ApplicationRecord","start_service_discovery":true}
{"severity":"DEBUG","time":"2026-07-05T08:17:19.203Z","correlation_id":null,"event":"setup","model":"ActiveRecord::Base","start_service_discovery":true}
{"severity":"DEBUG","time":"2026-07-05T08:17:19.209Z","correlation_id":null,"event":"setup","model":"Ci::ApplicationRecord","start_service_discovery":true}
{"severity":"DEBUG","time":"2026-07-05T08:17:19.226Z","correlation_id":null,"event":"setup","model":"ActiveRecord::Base","start_service_discovery":true}
{"severity":"DEBUG","time":"2026-07-05T08:17:19.227Z","correlation_id":null,"event":"setup","model":"Ci::ApplicationRecord","start_service_discovery":true}
{"severity":"DEBUG","time":"2026-07-05T08:17:19.251Z","correlation_id":null,"event":"setup","model":"ActiveRecord::Base","start_service_discovery":true}
{"severity":"DEBUG","time":"2026-07-05T08:17:19.253Z","correlation_id":null,"event":"setup","model":"Ci::ApplicationRecord","start_service_discovery":true}
{"severity":"DEBUG","time":"2026-07-05T08:17:19.255Z","correlation_id":null,"event":"setup","model":"ActiveRecord::Base","start_service_discovery":true}
{"severity":"DEBUG","time":"2026-07-05T08:17:19.257Z","correlation_id":null,"event":"setup","model":"Ci::ApplicationRecord","start_service_discovery":true}
{"severity":"DEBUG","time":"2026-07-05T09:07:47.464Z","correlation_id":null,"event":"setup","model":"ActiveRecord::Base","start_service_discovery":false}
{"severity":"DEBUG","time":"2026-07-05T09:07:47.464Z","correlation_id":null,"event":"setup","model":"ActiveRecord::Base","start_service_discovery":false}
{"severity":"DEBUG","time":"2026-07-05T09:07:47.465Z","correlation_id":null,"event":"setup","model":"ActiveRecord::Base","start_service_discovery":true}
{"severity":"DEBUG","time":"2026-07-05T09:07:47.466Z","correlation_id":null,"event":"setup","model":"Ci::ApplicationRecord","start_service_discovery":false}
{"severity":"DEBUG","time":"2026-07-05T09:07:47.466Z","correlation_id":null,"event":"setup","model":"Ci::ApplicationRecord","start_service_discovery":false}
{"severity":"DEBUG","time":"2026-07-05T09:07:47.467Z","correlation_id":null,"event":"setup","model":"Ci::ApplicationRecord","start_service_discovery":true}
{"severity":"DEBUG","time":"2026-07-05T09:08:54.456Z","correlation_id":null,"event":"setup","model":"ActiveRecord::Base","start_service_discovery":true}
{"severity":"DEBUG","time":"2026-07-05T09:08:54.458Z","correlation_id":null,"event":"setup","model":"Ci::ApplicationRecord","start_service_discovery":true}
{"severity":"DEBUG","time":"2026-07-05T09:08:54.488Z","correlation_id":null,"event":"setup","model":"ActiveRecord::Base","start_service_discovery":true}
{"severity":"DEBUG","time":"2026-07-05T09:08:54.490Z","correlation_id":null,"event":"setup","model":"Ci::ApplicationRecord","start_service_discovery":true}
{"severity":"DEBUG","time":"2026-07-05T09:08:54.517Z","correlation_id":null,"event":"setup","model":"ActiveRecord::Base","start_service_discovery":true}
{"severity":"DEBUG","time":"2026-07-05T09:08:54.523Z","correlation_id":null,"event":"setup","model":"Ci::ApplicationRecord","start_service_discovery":true}
{"severity":"DEBUG","time":"2026-07-05T09:08:54.666Z","correlation_id":null,"event":"setup","model":"ActiveRecord::Base","start_service_discovery":true}
{"severity":"DEBUG","time":"2026-07-05T09:08:54.668Z","correlation_id":null,"event":"setup","model":"Ci::ApplicationRecord","start_service_discovery":true}
{"severity":"DEBUG","time":"2026-07-10T05:32:25.983Z","correlation_id":null,"event":"setup","model":"ActiveRecord::Base","start_service_discovery":false}
{"severity":"DEBUG","time":"2026-07-10T05:32:25.983Z","correlation_id":null,"event":"setup","model":"ActiveRecord::Base","start_service_discovery":false}
{"severity":"DEBUG","time":"2026-07-10T05:32:25.984Z","correlation_id":null,"event":"setup","model":"Ci::ApplicationRecord","start_service_discovery":false}
{"severity":"DEBUG","time":"2026-07-10T05:32:25.984Z","correlation_id":null,"event":"setup","model":"ActiveRecord::Base","start_service_discovery":true}
{"severity":"DEBUG","time":"2026-07-10T05:32:25.985Z","correlation_id":null,"event":"setup","model":"Ci::ApplicationRecord","start_service_discovery":false}
{"severity":"DEBUG","time":"2026-07-10T05:32:25.986Z","correlation_id":null,"event":"setup","model":"Ci::ApplicationRecord","start_service_discovery":true}
{"severity":"DEBUG","time":"2026-07-10T05:33:41.522Z","correlation_id":null,"event":"setup","model":"ActiveRecord::Base","start_service_discovery":true}
{"severity":"DEBUG","time":"2026-07-10T05:33:41.528Z","correlation_id":null,"event":"setup","model":"Ci::ApplicationRecord","start_service_discovery":true}
{"severity":"DEBUG","time":"2026-07-10T05:33:41.605Z","correlation_id":null,"event":"setup","model":"ActiveRecord::Base","start_service_discovery":true}
{"severity":"DEBUG","time":"2026-07-10T05:33:41.609Z","correlation_id":null,"event":"setup","model":"Ci::ApplicationRecord","start_service_discovery":true}
{"severity":"DEBUG","time":"2026-07-10T05:33:41.714Z","correlation_id":null,"event":"setup","model":"ActiveRecord::Base","start_service_discovery":true}
{"severity":"DEBUG","time":"2026-07-10T05:33:41.717Z","correlation_id":null,"event":"setup","model":"Ci::ApplicationRecord","start_service_discovery":true}
{"severity":"DEBUG","time":"2026-07-10T05:33:41.837Z","correlation_id":null,"event":"setup","model":"ActiveRecord::Base","start_service_discovery":true}
{"severity":"DEBUG","time":"2026-07-10T05:33:41.839Z","correlation_id":null,"event":"setup","model":"Ci::ApplicationRecord","start_service_discovery":true}
{"severity":"DEBUG","time":"2026-07-10T12:04:04.335Z","correlation_id":null,"event":"setup","model":"ActiveRecord::Base","start_service_discovery":false}
{"severity":"DEBUG","time":"2026-07-10T12:04:04.335Z","correlation_id":null,"event":"setup","model":"ActiveRecord::Base","start_service_discovery":false}
{"severity":"DEBUG","time":"2026-07-10T12:04:04.336Z","correlation_id":null,"event":"setup","model":"Ci::ApplicationRecord","start_service_discovery":false}
{"severity":"DEBUG","time":"2026-07-10T12:04:04.336Z","correlation_id":null,"event":"setup","model":"ActiveRecord::Base","start_service_discovery":true}
{"severity":"DEBUG","time":"2026-07-10T12:04:04.337Z","correlation_id":null,"event":"setup","model":"Ci::ApplicationRecord","start_service_discovery":false}
{"severity":"DEBUG","time":"2026-07-10T12:04:04.338Z","correlation_id":null,"event":"setup","model":"Ci::ApplicationRecord","start_service_discovery":true}
{"severity":"DEBUG","time":"2026-07-10T12:05:16.088Z","correlation_id":null,"event":"setup","model":"ActiveRecord::Base","start_service_discovery":true}
{"severity":"DEBUG","time":"2026-07-10T12:05:16.093Z","correlation_id":null,"event":"setup","model":"Ci::ApplicationRecord","start_service_discovery":true}
{"severity":"DEBUG","time":"2026-07-10T12:05:16.233Z","correlation_id":null,"event":"setup","model":"ActiveRecord::Base","start_service_discovery":true}
{"severity":"DEBUG","time":"2026-07-10T12:05:16.234Z","correlation_id":null,"event":"setup","model":"Ci::ApplicationRecord","start_service_discovery":true}
{"severity":"DEBUG","time":"2026-07-10T12:05:16.271Z","correlation_id":null,"event":"setup","model":"ActiveRecord::Base","start_service_discovery":true}
{"severity":"DEBUG","time":"2026-07-10T12:05:16.277Z","correlation_id":null,"event":"setup","model":"Ci::ApplicationRecord","start_service_discovery":true}
{"severity":"DEBUG","time":"2026-07-10T12:05:16.412Z","correlation_id":null,"event":"setup","model":"ActiveRecord::Base","start_service_discovery":true}
{"severity":"DEBUG","time":"2026-07-10T12:05:16.416Z","correlation_id":null,"event":"setup","model":"Ci::ApplicationRecord","start_service_discovery":true}
{"severity":"DEBUG","time":"2026-07-10T12:14:16.122Z","correlation_id":null,"event":"setup","model":"ActiveRecord::Base","start_service_discovery":false}
{"severity":"DEBUG","time":"2026-07-10T12:14:16.123Z","correlation_id":null,"event":"setup","model":"Ci::ApplicationRecord","start_service_discovery":false}
{"severity":"DEBUG","time":"2026-07-10T12:14:22.491Z","correlation_id":null,"event":"setup","model":"ActiveRecord::Base","start_service_discovery":false}
{"severity":"DEBUG","time":"2026-07-10T12:14:22.492Z","correlation_id":null,"event":"setup","model":"ActiveRecord::Base","start_service_discovery":true}
{"severity":"DEBUG","time":"2026-07-10T12:14:22.493Z","correlation_id":null,"event":"setup","model":"Ci::ApplicationRecord","start_service_discovery":false}
{"severity":"DEBUG","time":"2026-07-10T12:14:22.494Z","correlation_id":null,"event":"setup","model":"Ci::ApplicationRecord","start_service_discovery":true}
{"severity":"DEBUG","time":"2026-07-10T12:15:16.223Z","correlation_id":null,"event":"setup","model":"ActiveRecord::Base","start_service_discovery":false}
{"severity":"DEBUG","time":"2026-07-10T12:15:16.224Z","correlation_id":null,"event":"setup","model":"ActiveRecord::Base","start_service_discovery":true}
{"severity":"DEBUG","time":"2026-07-10T12:15:16.225Z","correlation_id":null,"event":"setup","model":"Ci::ApplicationRecord","start_service_discovery":false}
{"severity":"DEBUG","time":"2026-07-10T12:15:16.226Z","correlation_id":null,"event":"setup","model":"Ci::ApplicationRecord","start_service_discovery":true}
{"severity":"DEBUG","time":"2026-07-10T12:15:34.051Z","correlation_id":null,"event":"setup","model":"ActiveRecord::Base","start_service_discovery":true}
{"severity":"DEBUG","time":"2026-07-10T12:15:34.053Z","correlation_id":null,"event":"setup","model":"Ci::ApplicationRecord","start_service_discovery":true}
{"severity":"DEBUG","time":"2026-07-10T12:15:34.183Z","correlation_id":null,"event":"setup","model":"ActiveRecord::Base","start_service_discovery":true}
{"severity":"DEBUG","time":"2026-07-10T12:15:34.185Z","correlation_id":null,"event":"setup","model":"Ci::ApplicationRecord","start_service_discovery":true}
{"severity":"DEBUG","time":"2026-07-10T12:15:34.206Z","correlation_id":null,"event":"setup","model":"ActiveRecord::Base","start_service_discovery":true}
{"severity":"DEBUG","time":"2026-07-10T12:15:34.207Z","correlation_id":null,"event":"setup","model":"Ci::ApplicationRecord","start_service_discovery":true}
{"severity":"DEBUG","time":"2026-07-10T12:15:34.222Z","correlation_id":null,"event":"setup","model":"ActiveRecord::Base","start_service_discovery":true}
{"severity":"DEBUG","time":"2026-07-10T12:15:34.225Z","correlation_id":null,"event":"setup","model":"Ci::ApplicationRecord","start_service_discovery":true}
