`enable_tracing` is now deprecated in favor of `traces_sample_rate = 1.0`.

`enable_tracing` is now deprecated in favor of `traces_sample_rate = 1.0`.

`enable_tracing` is now deprecated in favor of `traces_sample_rate = 1.0`.

`enable_tracing` is now deprecated in favor of `traces_sample_rate = 1.0`.

`enable_tracing` is now deprecated in favor of `traces_sample_rate = 1.0`.

Redirected to https://humble-space-system-4jr4x79qg4652q5xx-8080.app.github.dev/assets/favicon-72a2cad5025aa931d6ea56c3201d1f18e68a8cd39788c7c80d5b2b82aa5143ef.png
Completed 301 Moved Permanently in 3ms
`enable_tracing` is now deprecated in favor of `traces_sample_rate = 1.0`.

`enable_tracing` is now deprecated in favor of `traces_sample_rate = 1.0`.

Redirected to https://humble-space-system-4jr4x79qg4652q5xx-8080.app.github.dev/assets/favicon-72a2cad5025aa931d6ea56c3201d1f18e68a8cd39788c7c80d5b2b82aa5143ef.png
Completed 301 Moved Permanently in 3ms
`enable_tracing` is now deprecated in favor of `traces_sample_rate = 1.0`.

`enable_tracing` is now deprecated in favor of `traces_sample_rate = 1.0`.

Redirected to https://humble-space-system-4jr4x79qg4652q5xx-8080.app.github.dev/assets/favicon-72a2cad5025aa931d6ea56c3201d1f18e68a8cd39788c7c80d5b2b82aa5143ef.png
Completed 301 Moved Permanently in 19ms
Redirected to https://humble-space-system-4jr4x79qg4652q5xx-8080.app.github.dev/assets/favicon-72a2cad5025aa931d6ea56c3201d1f18e68a8cd39788c7c80d5b2b82aa5143ef.png
Completed 301 Moved Permanently in 2ms
`enable_tracing` is now deprecated in favor of `traces_sample_rate = 1.0`.

`enable_tracing` is now deprecated in favor of `traces_sample_rate = 1.0`.

`enable_tracing` is now deprecated in favor of `traces_sample_rate = 1.0`.

`enable_tracing` is now deprecated in favor of `traces_sample_rate = 1.0`.

Redirected to https://humble-space-system-4jr4x79qg4652q5xx-8080.app.github.dev/assets/favicon-72a2cad5025aa931d6ea56c3201d1f18e68a8cd39788c7c80d5b2b82aa5143ef.png
Completed 301 Moved Permanently in 6ms
  Rendered layout layouts/mailer.html.haml (Duration: 22.0ms | GC: 0.0ms)
  Rendered layout layouts/mailer.text.erb (Duration: 2.1ms | GC: 0.0ms)
  Rendered layout layouts/mailer.html.haml (Duration: 3.0ms | GC: 0.0ms)
  Rendered layout layouts/mailer.text.erb (Duration: 0.9ms | GC: 0.0ms)
  Rendered layout layouts/mailer.html.haml (Duration: 4.0ms | GC: 0.1ms)
  Rendered layout layouts/mailer.text.erb (Duration: 0.8ms | GC: 0.0ms)
  Rendered layout layouts/mailer.html.haml (Duration: 2.9ms | GC: 0.0ms)
  Rendered layout layouts/mailer.text.erb (Duration: 0.8ms | GC: 0.0ms)
`enable_tracing` is now deprecated in favor of `traces_sample_rate = 1.0`.

`enable_tracing` is now deprecated in favor of `traces_sample_rate = 1.0`.

`enable_tracing` is now deprecated in favor of `traces_sample_rate = 1.0`.

`enable_tracing` is now deprecated in favor of `traces_sample_rate = 1.0`.

`enable_tracing` is now deprecated in favor of `traces_sample_rate = 1.0`.

